beauty/app/build/intermediates/manifest_merge_blame_file/debug/manifest-merger-blame-debug-report.txt
1<?xml version="1.0" encoding="utf-8"?>
2<manifest xmlns:android="http://schemas.android.com/apk/res/android"
3    package="com.yijun.beauty"
4    android:versionCode="1"
5    android:versionName="1.0" >
6
7    <uses-sdk
8        android:minSdkVersion="24"
8-->src\main\AndroidManifest.xml
9        android:targetSdkVersion="29" />
9-->src\main\AndroidManifest.xml
10
11    <uses-permission android:name="android.permission.INTERNET" />
11-->src\main\AndroidManifest.xml:5:5-67
11-->src\main\AndroidManifest.xml:5:22-64
12
13    <uses-feature
13-->[com.naver.maps:map-sdk:3.9.0] AndroidManifest.xml:11:5-13:35
14        android:glEsVersion="0x00020000"
14-->[com.naver.maps:map-sdk:3.9.0] AndroidManifest.xml:12:9-41
15        android:required="true" />
15-->[com.naver.maps:map-sdk:3.9.0] AndroidManifest.xml:13:9-32
16    <uses-feature
16-->[com.naver.maps:map-sdk:3.9.0] AndroidManifest.xml:14:5-16:36
17        android:name="android.hardware.wifi"
17-->[com.naver.maps:map-sdk:3.9.0] AndroidManifest.xml:15:9-45
18        android:required="false" />
18-->[com.naver.maps:map-sdk:3.9.0] AndroidManifest.xml:16:9-33
19
20    <uses-permission android:name="android.permission.ACCESS_NETWORK_STATE" />
20-->[com.naver.maps:map-sdk:3.9.0] AndroidManifest.xml:19:5-79
20-->[com.naver.maps:map-sdk:3.9.0] AndroidManifest.xml:19:22-76
21    <uses-permission android:name="android.permission.ACCESS_WIFI_STATE" />
21-->[com.naver.maps:map-sdk:3.9.0] AndroidManifest.xml:20:5-76
21-->[com.naver.maps:map-sdk:3.9.0] AndroidManifest.xml:20:22-73
22
23    <application
23-->src\main\AndroidManifest.xml:7:5-58:19
24        android:allowBackup="true"
24-->src\main\AndroidManifest.xml:8:9-35
25        android:appComponentFactory="androidx.core.app.CoreComponentFactory"
25-->[androidx.core:core:1.3.1] AndroidManifest.xml:24:18-86
26        android:debuggable="true"
27        android:extractNativeLibs="false"
28        android:icon="@mipmap/ic_launcher"
28-->src\main\AndroidManifest.xml:9:9-43
29        android:label="@string/app_name"
29-->src\main\AndroidManifest.xml:10:9-41
30        android:networkSecurityConfig="@xml/network_security_config"
30-->src\main\AndroidManifest.xml:11:9-69
31        android:requestLegacyExternalStorage="true"
31-->src\main\AndroidManifest.xml:12:9-52
32        android:roundIcon="@mipmap/ic_launcher_round"
32-->src\main\AndroidManifest.xml:13:9-54
33        android:supportsRtl="true"
33-->src\main\AndroidManifest.xml:14:9-35
34        android:testOnly="true"
35        android:theme="@style/AppTheme"
35-->src\main\AndroidManifest.xml:15:9-40
36        android:usesCleartextTraffic="true" >
36-->src\main\AndroidManifest.xml:16:9-44
37        <meta-data
37-->src\main\AndroidManifest.xml:17:9-19:53
38            android:name="com.kakao.sdk.AppKey"
38-->src\main\AndroidManifest.xml:18:13-48
39            android:value="@string/kakao_app_key" />
39-->src\main\AndroidManifest.xml:19:13-50
40
41        <activity android:name="com.yijun.beauty.ReservationRecord" />
41-->src\main\AndroidManifest.xml:20:9-55
41-->src\main\AndroidManifest.xml:20:19-52
42        <activity android:name="com.yijun.beauty.MyInfo" />
42-->src\main\AndroidManifest.xml:21:9-44
42-->src\main\AndroidManifest.xml:21:19-41
43        <activity android:name="com.yijun.beauty.Reservation" />
43-->src\main\AndroidManifest.xml:22:9-49
43-->src\main\AndroidManifest.xml:22:19-46
44        <activity android:name="com.yijun.beauty.Address" />
44-->src\main\AndroidManifest.xml:23:9-45
44-->src\main\AndroidManifest.xml:23:19-42
45
46        <meta-data
46-->src\main\AndroidManifest.xml:25:9-27:42
47            android:name="com.naver.maps.map.CLIENT_ID"
47-->src\main\AndroidManifest.xml:26:13-56
48            android:value="9s3u08ar9q" />
48-->src\main\AndroidManifest.xml:27:13-39
49
50        <activity
50-->src\main\AndroidManifest.xml:29:9-31:59
51            android:name="com.yijun.beauty.LodingActivity"
51-->src\main\AndroidManifest.xml:30:13-43
52            android:theme="@style/AppTheme.NoActionBar" />
52-->src\main\AndroidManifest.xml:31:13-56
53        <activity
53-->src\main\AndroidManifest.xml:32:9-34:54
54            android:name="com.yijun.beauty.activity.CheckoutActivity"
54-->src\main\AndroidManifest.xml:33:13-54
55            android:screenOrientation="fullSensor" />
55-->src\main\AndroidManifest.xml:34:13-51
56        <activity
56-->src\main\AndroidManifest.xml:35:9-39:50
57            android:name="com.yijun.beauty.activity.PaymentTransparentActivity"
57-->src\main\AndroidManifest.xml:36:13-64
58            android:launchMode="singleTask"
58-->src\main\AndroidManifest.xml:37:13-44
59            android:taskAffinity=""
59-->src\main\AndroidManifest.xml:38:13-36
60            android:theme="@style/Transparent" /> <!-- Enabling this flag is required in order to use the PaymentsClient -->
60-->src\main\AndroidManifest.xml:39:13-47
61        <meta-data
61-->src\main\AndroidManifest.xml:40:9-42:36
62            android:name="com.google.android.gms.wallet.api.enabled"
62-->src\main\AndroidManifest.xml:41:13-69
63            android:value="true" />
63-->src\main\AndroidManifest.xml:42:13-33
64
65        <service
65-->src\main\AndroidManifest.xml:44:9-48:48
66            android:name="com.yijun.beauty.service.PaymentNotificationIntentService"
66-->src\main\AndroidManifest.xml:45:13-69
67            android:enabled="true"
67-->src\main\AndroidManifest.xml:46:13-35
68            android:icon="@drawable/googlepay_button_overlay"
68-->src\main\AndroidManifest.xml:47:13-62
69            android:label="@string/app_name" />
69-->src\main\AndroidManifest.xml:48:13-45
70
71        <activity android:name="com.yijun.beauty.AfterLogin" />
71-->src\main\AndroidManifest.xml:50:9-48
71-->src\main\AndroidManifest.xml:50:19-45
72        <activity android:name="com.yijun.beauty.MainActivity" >
72-->src\main\AndroidManifest.xml:51:9-57:20
72-->src\main\AndroidManifest.xml:51:19-47
73            <intent-filter>
73-->src\main\AndroidManifest.xml:52:13-56:29
74                <action android:name="android.intent.action.MAIN" />
74-->src\main\AndroidManifest.xml:53:17-69
74-->src\main\AndroidManifest.xml:53:25-66
75
76                <category android:name="android.intent.category.LAUNCHER" />
76-->src\main\AndroidManifest.xml:55:17-77
76-->src\main\AndroidManifest.xml:55:27-74
77            </intent-filter>
78        </activity>
79        <activity
79-->[com.naver.maps:map-sdk:3.9.0] AndroidManifest.xml:23:9-27:51
80            android:name="com.naver.maps.map.app.LegendActivity"
80-->[com.naver.maps:map-sdk:3.9.0] AndroidManifest.xml:24:13-65
81            android:configChanges="screenSize|smallestScreenSize|screenLayout|orientation"
81-->[com.naver.maps:map-sdk:3.9.0] AndroidManifest.xml:25:13-91
82            android:label="@string/navermap_legend"
82-->[com.naver.maps:map-sdk:3.9.0] AndroidManifest.xml:26:13-52
83            android:theme="@style/navermap_app" />
83-->[com.naver.maps:map-sdk:3.9.0] AndroidManifest.xml:27:13-48
84        <activity
84-->[com.naver.maps:map-sdk:3.9.0] AndroidManifest.xml:28:9-32:51
85            android:name="com.naver.maps.map.app.LegalNoticeActivity"
85-->[com.naver.maps:map-sdk:3.9.0] AndroidManifest.xml:29:13-70
86            android:configChanges="screenSize|smallestScreenSize|screenLayout|orientation"
86-->[com.naver.maps:map-sdk:3.9.0] AndroidManifest.xml:30:13-91
87            android:label="@string/navermap_legal_notice"
87-->[com.naver.maps:map-sdk:3.9.0] AndroidManifest.xml:31:13-58
88            android:theme="@style/navermap_app" />
88-->[com.naver.maps:map-sdk:3.9.0] AndroidManifest.xml:32:13-48
89        <activity
89-->[com.naver.maps:map-sdk:3.9.0] AndroidManifest.xml:33:9-37:51
90            android:name="com.naver.maps.map.app.OpenSourceLicenseActivity"
90-->[com.naver.maps:map-sdk:3.9.0] AndroidManifest.xml:34:13-76
91            android:configChanges="screenSize|smallestScreenSize|screenLayout|orientation"
91-->[com.naver.maps:map-sdk:3.9.0] AndroidManifest.xml:35:13-91
92            android:label="@string/navermap_open_source_license"
92-->[com.naver.maps:map-sdk:3.9.0] AndroidManifest.xml:36:13-65
93            android:theme="@style/navermap_app" /> <!-- Needs to be explicitly declared on P+ -->
93-->[com.naver.maps:map-sdk:3.9.0] AndroidManifest.xml:37:13-48
94        <uses-library
94-->[com.google.android.gms:play-services-maps:17.0.0] AndroidManifest.xml:33:9-35:40
95            android:name="org.apache.http.legacy"
95-->[com.google.android.gms:play-services-maps:17.0.0] AndroidManifest.xml:34:13-50
96            android:required="false" />
96-->[com.google.android.gms:play-services-maps:17.0.0] AndroidManifest.xml:35:13-37
97
98        <activity
98-->[com.google.android.gms:play-services-base:17.0.0] AndroidManifest.xml:23:9-26:75
99            android:name="com.google.android.gms.common.api.GoogleApiActivity"
99-->[com.google.android.gms:play-services-base:17.0.0] AndroidManifest.xml:24:13-79
100            android:exported="false"
100-->[com.google.android.gms:play-services-base:17.0.0] AndroidManifest.xml:25:13-37
101            android:theme="@android:style/Theme.Translucent.NoTitleBar" />
101-->[com.google.android.gms:play-services-base:17.0.0] AndroidManifest.xml:26:13-72
102
103        <meta-data
103-->[com.google.android.gms:play-services-basement:17.0.0] AndroidManifest.xml:23:9-25:69
104            android:name="com.google.android.gms.version"
104-->[com.google.android.gms:play-services-basement:17.0.0] AndroidManifest.xml:24:13-58
105            android:value="@integer/google_play_services_version" />
105-->[com.google.android.gms:play-services-basement:17.0.0] AndroidManifest.xml:25:13-66
106
107        <activity
107-->[com.kakao.sdk:auth:1.27.0] AndroidManifest.xml:12:9-19:20
108            android:name="com.kakao.auth.authorization.authcode.KakaoWebViewActivity"
108-->[com.kakao.sdk:auth:1.27.0] AndroidManifest.xml:13:13-86
109            android:configChanges="orientation|screenSize"
109-->[com.kakao.sdk:auth:1.27.0] AndroidManifest.xml:14:13-59
110            android:exported="false"
110-->[com.kakao.sdk:auth:1.27.0] AndroidManifest.xml:15:13-37
111            android:label="@string/com_kakao_login_button"
111-->[com.kakao.sdk:auth:1.27.0] AndroidManifest.xml:16:13-59
112            android:launchMode="singleTop"
112-->[com.kakao.sdk:auth:1.27.0] AndroidManifest.xml:17:13-43
113            android:windowSoftInputMode="adjustResize" >
113-->[com.kakao.sdk:auth:1.27.0] AndroidManifest.xml:18:13-55
114        </activity>
115    </application>
116
117</manifest>